2021-10-17 12:57:48,142 INFO  Logger.cs: 70 - 
--------------------------------------------------------------------------------
2021-10-17 12:57:48,180 INFO  Logger.cs: 71 - Logging commencing for SW2URDF exporter
2021-10-17 12:57:48,182 INFO  Logger.cs: 73 - Commit version 1.6.0-1-g15f4949
2021-10-17 12:57:48,182 INFO  Logger.cs: 74 - Build version 1.6.7594.29634
2021-10-17 12:57:48,233 INFO  SwAddin.cs: 192 - Attempting to connect to SW
2021-10-17 12:57:48,233 INFO  SwAddin.cs: 197 - Setting up callbacks
2021-10-17 12:57:48,234 INFO  SwAddin.cs: 201 - Setting up command manager
2021-10-17 12:57:48,235 INFO  SwAddin.cs: 204 - Adding command manager
2021-10-17 12:57:48,238 INFO  SwAddin.cs: 263 - Adding Assembly export to file menu
2021-10-17 12:57:48,238 INFO  SwAddin.cs: 272 - Adding Part export to file menu
2021-10-17 12:57:48,239 INFO  SwAddin.cs: 210 - Adding event handlers
2021-10-17 12:57:48,398 INFO  SwAddin.cs: 217 - Connecting plugin to SolidWorks
2021-10-21 13:52:24,893 INFO  SwAddin.cs: 351 - Part export called
2021-10-21 13:52:24,994 INFO  ExportHelperExtension.cs: 1125 - Retrieving features of type [CoordSys] from 等边三角棱柱.SLDPRT
2021-10-21 13:52:25,046 INFO  ExportHelperExtension.cs: 1136 - Found 26 in 等边三角棱柱.SLDPRT
2021-10-21 13:52:25,047 INFO  ExportHelperExtension.cs: 1145 - Found 0 features of type [CoordSys] in 等边三角棱柱.SLDPRT
2021-10-21 13:52:25,047 INFO  ExportHelperExtension.cs: 1125 - Retrieving features of type [RefAxis] from 等边三角棱柱.SLDPRT
2021-10-21 13:52:25,048 INFO  ExportHelperExtension.cs: 1136 - Found 26 in 等边三角棱柱.SLDPRT
2021-10-21 13:52:25,048 INFO  ExportHelperExtension.cs: 1145 - Found 0 features of type [RefAxis] in 等边三角棱柱.SLDPRT
2021-10-21 13:52:25,049 INFO  SwAddin.cs: 367 - Showing part
2021-10-21 13:52:51,415 INFO  SwAddin.cs: 351 - Part export called
2021-10-21 13:52:51,431 INFO  ExportHelperExtension.cs: 1125 - Retrieving features of type [CoordSys] from 等边三角棱柱.SLDPRT
2021-10-21 13:52:51,432 INFO  ExportHelperExtension.cs: 1136 - Found 26 in 等边三角棱柱.SLDPRT
2021-10-21 13:52:51,432 INFO  ExportHelperExtension.cs: 1145 - Found 0 features of type [CoordSys] in 等边三角棱柱.SLDPRT
2021-10-21 13:52:51,433 INFO  ExportHelperExtension.cs: 1125 - Retrieving features of type [RefAxis] from 等边三角棱柱.SLDPRT
2021-10-21 13:52:51,433 INFO  ExportHelperExtension.cs: 1136 - Found 26 in 等边三角棱柱.SLDPRT
2021-10-21 13:52:51,434 INFO  ExportHelperExtension.cs: 1145 - Found 0 features of type [RefAxis] in 等边三角棱柱.SLDPRT
2021-10-21 13:52:51,434 INFO  SwAddin.cs: 367 - Showing part
2021-10-21 13:53:11,885 INFO  SwAddin.cs: 351 - Part export called
2021-10-21 13:53:11,898 INFO  ExportHelperExtension.cs: 1125 - Retrieving features of type [CoordSys] from 等边三角棱柱.SLDPRT
2021-10-21 13:53:11,898 INFO  ExportHelperExtension.cs: 1136 - Found 26 in 等边三角棱柱.SLDPRT
2021-10-21 13:53:11,899 INFO  ExportHelperExtension.cs: 1145 - Found 0 features of type [CoordSys] in 等边三角棱柱.SLDPRT
2021-10-21 13:53:11,899 INFO  ExportHelperExtension.cs: 1125 - Retrieving features of type [RefAxis] from 等边三角棱柱.SLDPRT
2021-10-21 13:53:11,900 INFO  ExportHelperExtension.cs: 1136 - Found 26 in 等边三角棱柱.SLDPRT
2021-10-21 13:53:11,900 INFO  ExportHelperExtension.cs: 1145 - Found 0 features of type [RefAxis] in 等边三角棱柱.SLDPRT
2021-10-21 13:53:11,901 INFO  SwAddin.cs: 367 - Showing part
2021-10-21 13:54:08,991 INFO  SwAddin.cs: 294 - Assembly export called for file 装配体1
2021-10-21 13:54:08,993 INFO  SwAddin.cs: 299 - Save is required
2021-10-21 13:54:08,993 INFO  SwAddin.cs: 313 - Saving assembly
2021-10-21 13:54:09,004 INFO  SwAddin.cs: 316 - Opening property manager
2021-10-21 13:54:09,009 INFO  ExportHelperExtension.cs: 1125 - Retrieving features of type [CoordSys] from 装配体1
2021-10-21 13:54:09,010 INFO  ExportHelperExtension.cs: 1136 - Found 23 in 装配体1
2021-10-21 13:54:09,011 INFO  ExportHelperExtension.cs: 1145 - Found 0 features of type [CoordSys] in 装配体1
2021-10-21 13:54:09,012 INFO  ExportHelperExtension.cs: 1148 - Proceeding through assembly components
2021-10-21 13:54:09,014 INFO  ExportHelperExtension.cs: 1160 - 1 components to check
2021-10-21 13:54:09,015 INFO  ExportHelperExtension.cs: 1125 - Retrieving features of type [CoordSys] from 等边三角棱柱-1
2021-10-21 13:54:09,016 INFO  ExportHelperExtension.cs: 1136 - Found 26 in 等边三角棱柱-1
2021-10-21 13:54:09,017 INFO  ExportHelperExtension.cs: 1145 - Found 0 features of type [CoordSys] in 等边三角棱柱-1
2021-10-21 13:54:09,017 INFO  ExportHelperExtension.cs: 1125 - Retrieving features of type [RefAxis] from 装配体1
2021-10-21 13:54:09,018 INFO  ExportHelperExtension.cs: 1136 - Found 23 in 装配体1
2021-10-21 13:54:09,018 INFO  ExportHelperExtension.cs: 1145 - Found 0 features of type [RefAxis] in 装配体1
2021-10-21 13:54:09,019 INFO  ExportHelperExtension.cs: 1148 - Proceeding through assembly components
2021-10-21 13:54:09,019 INFO  ExportHelperExtension.cs: 1160 - 1 components to check
2021-10-21 13:54:09,019 INFO  ExportHelperExtension.cs: 1125 - Retrieving features of type [RefAxis] from 等边三角棱柱-1
2021-10-21 13:54:09,020 INFO  ExportHelperExtension.cs: 1136 - Found 26 in 等边三角棱柱-1
2021-10-21 13:54:09,020 INFO  ExportHelperExtension.cs: 1145 - Found 0 features of type [RefAxis] in 等边三角棱柱-1
2021-10-21 13:54:09,409 INFO  SwAddin.cs: 339 - Loading config tree
2021-10-21 13:54:09,415 INFO  ExportPropertyManagerExtension.cs: 520 - Starting new configuration
2021-10-21 13:54:09,421 INFO  SwAddin.cs: 344 - Showing property manager
2021-10-21 13:54:13,889 INFO  ExportPropertyManager.cs: 1142 - AfterClose called. This method no longer throws an Exception. It just silently does nothing. Ok, except for this logging message
2021-10-21 13:54:25,211 INFO  SwAddin.cs: 294 - Assembly export called for file 装配体1
2021-10-21 13:54:25,212 INFO  SwAddin.cs: 299 - Save is required
2021-10-21 13:54:25,212 INFO  SwAddin.cs: 313 - Saving assembly
2021-10-21 13:54:25,213 INFO  SwAddin.cs: 316 - Opening property manager
2021-10-21 13:54:25,213 INFO  ExportHelperExtension.cs: 1125 - Retrieving features of type [CoordSys] from 装配体1
2021-10-21 13:54:25,214 INFO  ExportHelperExtension.cs: 1136 - Found 23 in 装配体1
2021-10-21 13:54:25,214 INFO  ExportHelperExtension.cs: 1145 - Found 0 features of type [CoordSys] in 装配体1
2021-10-21 13:54:25,215 INFO  ExportHelperExtension.cs: 1148 - Proceeding through assembly components
2021-10-21 13:54:25,215 INFO  ExportHelperExtension.cs: 1160 - 1 components to check
2021-10-21 13:54:25,216 INFO  ExportHelperExtension.cs: 1125 - Retrieving features of type [CoordSys] from 等边三角棱柱-1
2021-10-21 13:54:25,216 INFO  ExportHelperExtension.cs: 1136 - Found 26 in 等边三角棱柱-1
2021-10-21 13:54:25,217 INFO  ExportHelperExtension.cs: 1145 - Found 0 features of type [CoordSys] in 等边三角棱柱-1
2021-10-21 13:54:25,217 INFO  ExportHelperExtension.cs: 1125 - Retrieving features of type [RefAxis] from 装配体1
2021-10-21 13:54:25,218 INFO  ExportHelperExtension.cs: 1136 - Found 23 in 装配体1
2021-10-21 13:54:25,218 INFO  ExportHelperExtension.cs: 1145 - Found 0 features of type [RefAxis] in 装配体1
2021-10-21 13:54:25,218 INFO  ExportHelperExtension.cs: 1148 - Proceeding through assembly components
2021-10-21 13:54:25,219 INFO  ExportHelperExtension.cs: 1160 - 1 components to check
2021-10-21 13:54:25,219 INFO  ExportHelperExtension.cs: 1125 - Retrieving features of type [RefAxis] from 等边三角棱柱-1
2021-10-21 13:54:25,220 INFO  ExportHelperExtension.cs: 1136 - Found 26 in 等边三角棱柱-1
2021-10-21 13:54:25,220 INFO  ExportHelperExtension.cs: 1145 - Found 0 features of type [RefAxis] in 等边三角棱柱-1
2021-10-21 13:54:25,345 INFO  SwAddin.cs: 339 - Loading config tree
2021-10-21 13:54:25,346 INFO  ExportPropertyManagerExtension.cs: 520 - Starting new configuration
2021-10-21 13:54:25,350 INFO  SwAddin.cs: 344 - Showing property manager
2021-10-21 13:54:40,763 INFO  ExportPropertyManager.cs: 422 - Configuration saved
2021-10-21 13:54:41,045 INFO  ExportPropertyManager.cs: 1142 - AfterClose called. This method no longer throws an Exception. It just silently does nothing. Ok, except for this logging message
2021-10-21 13:54:50,658 INFO  SwAddin.cs: 294 - Assembly export called for file 装配体1
2021-10-21 13:54:50,659 INFO  SwAddin.cs: 299 - Save is required
2021-10-21 13:54:50,659 INFO  SwAddin.cs: 313 - Saving assembly
2021-10-21 13:54:50,660 INFO  SwAddin.cs: 316 - Opening property manager
2021-10-21 13:54:50,660 INFO  ExportHelperExtension.cs: 1125 - Retrieving features of type [CoordSys] from 装配体1
2021-10-21 13:54:50,661 INFO  ExportHelperExtension.cs: 1136 - Found 23 in 装配体1
2021-10-21 13:54:50,661 INFO  ExportHelperExtension.cs: 1145 - Found 0 features of type [CoordSys] in 装配体1
2021-10-21 13:54:50,662 INFO  ExportHelperExtension.cs: 1148 - Proceeding through assembly components
2021-10-21 13:54:50,662 INFO  ExportHelperExtension.cs: 1160 - 1 components to check
2021-10-21 13:54:50,663 INFO  ExportHelperExtension.cs: 1125 - Retrieving features of type [CoordSys] from 等边三角棱柱-1
2021-10-21 13:54:50,663 INFO  ExportHelperExtension.cs: 1136 - Found 26 in 等边三角棱柱-1
2021-10-21 13:54:50,664 INFO  ExportHelperExtension.cs: 1145 - Found 0 features of type [CoordSys] in 等边三角棱柱-1
2021-10-21 13:54:50,664 INFO  ExportHelperExtension.cs: 1125 - Retrieving features of type [RefAxis] from 装配体1
2021-10-21 13:54:50,665 INFO  ExportHelperExtension.cs: 1136 - Found 23 in 装配体1
2021-10-21 13:54:50,665 INFO  ExportHelperExtension.cs: 1145 - Found 0 features of type [RefAxis] in 装配体1
2021-10-21 13:54:50,666 INFO  ExportHelperExtension.cs: 1148 - Proceeding through assembly components
2021-10-21 13:54:50,666 INFO  ExportHelperExtension.cs: 1160 - 1 components to check
2021-10-21 13:54:50,667 INFO  ExportHelperExtension.cs: 1125 - Retrieving features of type [RefAxis] from 等边三角棱柱-1
2021-10-21 13:54:50,667 INFO  ExportHelperExtension.cs: 1136 - Found 26 in 等边三角棱柱-1
2021-10-21 13:54:50,668 INFO  ExportHelperExtension.cs: 1145 - Found 0 features of type [RefAxis] in 等边三角棱柱-1
2021-10-21 13:54:50,955 INFO  SwAddin.cs: 339 - Loading config tree
2021-10-21 13:54:50,956 INFO  ExportPropertyManagerExtension.cs: 520 - Starting new configuration
2021-10-21 13:54:50,957 INFO  SwAddin.cs: 344 - Showing property manager
2021-10-21 13:54:59,114 INFO  ExportPropertyManager.cs: 422 - Configuration saved
2021-10-21 13:55:02,792 INFO  ExportHelperExtension.cs: 1125 - Retrieving features of type [CoordSys] from 装配体1
2021-10-21 13:55:02,808 INFO  ExportHelperExtension.cs: 1136 - Found 26 in 装配体1
2021-10-21 13:55:02,809 INFO  ExportHelperExtension.cs: 1145 - Found 1 features of type [CoordSys] in 装配体1
2021-10-21 13:55:02,809 INFO  ExportHelperExtension.cs: 1148 - Proceeding through assembly components
2021-10-21 13:55:02,810 INFO  ExportHelperExtension.cs: 1160 - 1 components to check
2021-10-21 13:55:02,810 INFO  ExportHelperExtension.cs: 1125 - Retrieving features of type [CoordSys] from 等边三角棱柱-1
2021-10-21 13:55:02,811 INFO  ExportHelperExtension.cs: 1136 - Found 26 in 等边三角棱柱-1
2021-10-21 13:55:02,811 INFO  ExportHelperExtension.cs: 1145 - Found 0 features of type [CoordSys] in 等边三角棱柱-1
2021-10-21 13:55:02,812 INFO  ExportHelperExtension.cs: 1125 - Retrieving features of type [RefAxis] from 装配体1
2021-10-21 13:55:02,812 INFO  ExportHelperExtension.cs: 1136 - Found 26 in 装配体1
2021-10-21 13:55:02,813 INFO  ExportHelperExtension.cs: 1145 - Found 0 features of type [RefAxis] in 装配体1
2021-10-21 13:55:02,813 INFO  ExportHelperExtension.cs: 1148 - Proceeding through assembly components
2021-10-21 13:55:02,813 INFO  ExportHelperExtension.cs: 1160 - 1 components to check
2021-10-21 13:55:02,814 INFO  ExportHelperExtension.cs: 1125 - Retrieving features of type [RefAxis] from 等边三角棱柱-1
2021-10-21 13:55:02,814 INFO  ExportHelperExtension.cs: 1136 - Found 26 in 等边三角棱柱-1
2021-10-21 13:55:02,815 INFO  ExportHelperExtension.cs: 1145 - Found 0 features of type [RefAxis] in 等边三角棱柱-1
2021-10-21 13:55:02,940 INFO  ExportPropertyManager.cs: 1142 - AfterClose called. This method no longer throws an Exception. It just silently does nothing. Ok, except for this logging message
2021-10-21 13:55:35,328 INFO  AssemblyExportForm.cs: 253 - Completing URDF export
2021-10-21 13:55:35,379 INFO  ConfigurationSerialization.cs: 276 - URDF Configuration found
<Link z:Id="i1" xmlns="http://schemas.datacontract.org/2004/07/SW2URDF" xmlns:i="http://www.w3.org/2001/XMLSchema-instance" xmlns:z="http://schemas.microsoft.com/2003/10/Serialization/"><Attributes><Attribute z:Id="i2"><AttributeType>name</AttributeType><IsRequired>true</IsRequired><Value i:type="a:string" xmlns:a="http://www.w3.org/2001/XMLSchema">base_link</Value></Attribute></Attributes><ChildElements><URDFElement z:Id="i3" i:type="Inertial"><Attributes/><ChildElements><URDFElement z:Id="i4" i:type="Origin"><Attributes><Attribute z:Id="i5"><AttributeType>xyz</AttributeType><IsRequired>true</IsRequired><Value i:type="a:ArrayOfdouble" xmlns:a="http://schemas.microsoft.com/2003/10/Serialization/Arrays"><a:double>0</a:double><a:double>0</a:double><a:double>0</a:double></Value></Attribute><Attribute z:Id="i6"><AttributeType>rpy</AttributeType><IsRequired>true</IsRequired><Value i:type="a:ArrayOfdouble" xmlns:a="http://schemas.microsoft.com/2003/10/Serialization/Arrays"><a:double>0</a:double><a:double>0</a:double><a:double>0</a:double></Value></Attribute></Attributes><ChildElements/><ElementName>origin</ElementName><required>false</required><RPYAttribute z:Ref="i6"/><XYZAttribute z:Ref="i5"/><isCustomized>false</isCustomized></URDFElement><URDFElement z:Id="i7" i:type="Mass"><Attributes><Attribute z:Id="i8"><AttributeType>value</AttributeType><IsRequired>true</IsRequired><Value i:type="a:double" xmlns:a="http://www.w3.org/2001/XMLSchema">0</Value></Attribute></Attributes><ChildElements/><ElementName>mass</ElementName><required>false</required><ValueAttribute z:Ref="i8"/></URDFElement><URDFElement z:Id="i9" i:type="Inertia"><Attributes><Attribute z:Id="i10"><AttributeType>ixx</AttributeType><IsRequired>true</IsRequired><Value i:type="a:double" xmlns:a="http://www.w3.org/2001/XMLSchema">0</Value></Attribute><Attribute z:Id="i11"><AttributeType>ixy</AttributeType><IsRequired>true</IsRequired><Value i:type="a:double" xmlns:a="http://www.w3.org/2001/XMLSchema">0</Value></Attribute><Attribute z:Id="i12"><AttributeType>ixz</AttributeType><IsRequired>true</IsRequired><Value i:type="a:double" xmlns:a="http://www.w3.org/2001/XMLSchema">0</Value></Attribute><Attribute z:Id="i13"><AttributeType>iyy</AttributeType><IsRequired>true</IsRequired><Value i:type="a:double" xmlns:a="http://www.w3.org/2001/XMLSchema">0</Value></Attribute><Attribute z:Id="i14"><AttributeType>iyz</AttributeType><IsRequired>true</IsRequired><Value i:type="a:double" xmlns:a="http://www.w3.org/2001/XMLSchema">0</Value></Attribute><Attribute z:Id="i15"><AttributeType>izz</AttributeType><IsRequired>true</IsRequired><Value i:type="a:double" xmlns:a="http://www.w3.org/2001/XMLSchema">0</Value></Attribute></Attributes><ChildElements/><ElementName>inertia</ElementName><required>false</required><IxxAttribute z:Ref="i10"/><IxyAttribute z:Ref="i11"/><IxzAttribute z:Ref="i12"/><IyyAttribute z:Ref="i13"/><IyzAttribute z:Ref="i14"/><IzzAttribute z:Ref="i15"/></URDFElement></ChildElements><ElementName>inertial</ElementName><required>false</required><Inertia z:Ref="i9"/><Mass z:Ref="i7"/><Origin z:Ref="i4"/></URDFElement><URDFElement z:Id="i16" i:type="Visual"><Attributes/><ChildElements><URDFElement z:Id="i17" i:type="Origin"><Attributes><Attribute z:Id="i18"><AttributeType>xyz</AttributeType><IsRequired>true</IsRequired><Value i:type="a:ArrayOfdouble" xmlns:a="http://schemas.microsoft.com/2003/10/Serialization/Arrays"><a:double>0</a:double><a:double>0</a:double><a:double>0</a:double></Value></Attribute><Attribute z:Id="i19"><AttributeType>rpy</AttributeType><IsRequired>true</IsRequired><Value i:type="a:ArrayOfdouble" xmlns:a="http://schemas.microsoft.com/2003/10/Serialization/Arrays"><a:double>0</a:double><a:double>0</a:double><a:double>0</a:double></Value></Attribute></Attributes><ChildElements/><ElementName>origin</ElementName><required>false</required><RPYAttribute z:Ref="i19"/><XYZAttribute z:Ref="i18"/><isCustomized>false</isCustomized></URDFElement><URDFElement z:Id="i20" i:type="Geometry"><Attributes/><ChildElements><URDFElement z:Id="i21" i:type="Mesh"><Attributes><Attribute z:Id="i22"><AttributeType>filename</AttributeType><IsRequired>true</IsRequired><Value i:nil="true"/></Attribute></Attributes><ChildElements/><ElementName>mesh</ElementName><required>false</required><FilenameAttribute z:Ref="i22"/></URDFElement></ChildElements><ElementName>geometry</ElementName><required>true</required><Mesh z:Ref="i21"/></URDFElement><URDFElement z:Id="i23" i:type="Material"><Attributes><Attribute z:Id="i24"><AttributeType>name</AttributeType><IsRequired>true</IsRequired><Value i:type="a:string" xmlns:a="http://www.w3.org/2001/XMLSchema"/></Attribute></Attributes><ChildElements><URDFElement z:Id="i25" i:type="Color"><Attributes><Attribute z:Id="i26"><AttributeType>rgba</AttributeType><IsRequired>true</IsRequired><Value i:type="a:ArrayOfdouble" xmlns:a="http://schemas.microsoft.com/2003/10/Serialization/Arrays"><a:double>1</a:double><a:double>1</a:double><a:double>1</a:double><a:double>1</a:double></Value></Attribute></Attributes><ChildElements/><ElementName>color</ElementName><required>false</required><RGBAAttribute z:Ref="i26"/></URDFElement><URDFElement z:Id="i27" i:type="Texture"><Attributes><Attribute z:Id="i28"><AttributeType>filename</AttributeType><IsRequired>true</IsRequired><Value i:nil="true"/></Attribute></Attributes><ChildElements/><ElementName>texture</ElementName><required>false</required><FilenameAttribute z:Ref="i28"/><wFilename/></URDFElement></ChildElements><ElementName>material</ElementName><required>false</required><Color z:Ref="i25"/><NameAttribute z:Ref="i24"/><Texture z:Ref="i27"/></URDFElement></ChildElements><ElementName>visual</ElementName><required>false</required><Geometry z:Ref="i20"/><Material z:Ref="i23"/><Origin z:Ref="i17"/></URDFElement><URDFElement z:Id="i29" i:type="Collision"><Attributes/><ChildElements><URDFElement z:Id="i30" i:type="Origin"><Attributes><Attribute z:Id="i31"><AttributeType>xyz</AttributeType><IsRequired>true</IsRequired><Value i:type="a:ArrayOfdouble" xmlns:a="http://schemas.microsoft.com/2003/10/Serialization/Arrays"><a:double>0</a:double><a:double>0</a:double><a:double>0</a:double></Value></Attribute><Attribute z:Id="i32"><AttributeType>rpy</AttributeType><IsRequired>true</IsRequired><Value i:type="a:ArrayOfdouble" xmlns:a="http://schemas.microsoft.com/2003/10/Serialization/Arrays"><a:double>0</a:double><a:double>0</a:double><a:double>0</a:double></Value></Attribute></Attributes><ChildElements/><ElementName>origin</ElementName><required>false</required><RPYAttribute z:Ref="i32"/><XYZAttribute z:Ref="i31"/><isCustomized>false</isCustomized></URDFElement><URDFElement z:Id="i33" i:type="Geometry"><Attributes/><ChildElements><URDFElement z:Id="i34" i:type="Mesh"><Attributes><Attribute z:Id="i35"><AttributeType>filename</AttributeType><IsRequired>true</IsRequired><Value i:nil="true"/></Attribute></Attributes><ChildElements/><ElementName>mesh</ElementName><required>false</required><FilenameAttribute z:Ref="i35"/></URDFElement></ChildElements><ElementName>geometry</ElementName><required>true</required><Mesh z:Ref="i34"/></URDFElement></ChildElements><ElementName>collision</ElementName><required>false</required><Geometry z:Ref="i33"/><Origin z:Ref="i30"/></URDFElement><URDFElement z:Id="i36" i:type="Joint"><Attributes><Attribute z:Id="i37"><AttributeType>name</AttributeType><IsRequired>true</IsRequired><Value i:type="a:string" xmlns:a="http://www.w3.org/2001/XMLSchema"/></Attribute><Attribute z:Id="i38"><AttributeType>type</AttributeType><IsRequired>true</IsRequired><Value i:type="a:string" xmlns:a="http://www.w3.org/2001/XMLSchema"/></Attribute></Attributes><ChildElements><URDFElement z:Id="i39" i:type="Origin"><Attributes><Attribute z:Id="i40"><AttributeType>xyz</AttributeType><IsRequired>true</IsRequired><Value i:type="a:ArrayOfdouble" xmlns:a="http://schemas.microsoft.com/2003/10/Serialization/Arrays"><a:double>0</a:double><a:double>0</a:double><a:double>0</a:double></Value></Attribute><Attribute z:Id="i41"><AttributeType>rpy</AttributeType><IsRequired>true</IsRequired><Value i:type="a:ArrayOfdouble" xmlns:a="http://schemas.microsoft.com/2003/10/Serialization/Arrays"><a:double>0</a:double><a:double>0</a:double><a:double>0</a:double></Value></Attribute></Attributes><ChildElements/><ElementName>origin</ElementName><required>false</required><RPYAttribute z:Ref="i41"/><XYZAttribute z:Ref="i40"/><isCustomized>false</isCustomized></URDFElement><URDFElement z:Id="i42" i:type="ParentLink"><Attributes><Attribute z:Id="i43"><AttributeType>link</AttributeType><IsRequired>true</IsRequired><Value i:type="a:string" xmlns:a="http://www.w3.org/2001/XMLSchema"/></Attribute></Attributes><ChildElements/><ElementName>parent</ElementName><required>true</required><NameAttribute z:Ref="i43"/></URDFElement><URDFElement z:Id="i44" i:type="ChildLink"><Attributes><Attribute z:Id="i45"><AttributeType>link</AttributeType><IsRequired>true</IsRequired><Value i:type="a:string" xmlns:a="http://www.w3.org/2001/XMLSchema"/></Attribute></Attributes><ChildElements/><ElementName>child</ElementName><required>true</required><NameAttribute z:Ref="i45"/></URDFElement><URDFElement z:Id="i46" i:type="Axis"><Attributes><Attribute z:Id="i47"><AttributeType>xyz</AttributeType><IsRequired>true</IsRequired><Value i:type="a:ArrayOfdouble" xmlns:a="http://schemas.microsoft.com/2003/10/Serialization/Arrays"><a:double>0</a:double><a:double>0</a:double><a:double>0</a:double></Value></Attribute></Attributes><ChildElements/><ElementName>axis</ElementName><required>false</required><XYZAttribute z:Ref="i47"/></URDFElement><URDFElement z:Id="i48" i:type="Limit"><Attributes><Attribute z:Id="i49"><AttributeType>lower</AttributeType><IsRequired>false</IsRequired><Value i:nil="true"/></Attribute><Attribute z:Id="i50"><AttributeType>upper</AttributeType><IsRequired>false</IsRequired><Value i:nil="true"/></Attribute><Attribute z:Id="i51"><AttributeType>effort</AttributeType><IsRequired>true</IsRequired><Value i:nil="true"/></Attribute><Attribute z:Id="i52"><AttributeType>velocity</AttributeType><IsRequired>true</IsRequired><Value i:nil="true"/></Attribute></Attributes><ChildElements/><ElementName>limit</ElementName><required>false</required><EffortAttribute z:Ref="i51"/><LowerAttribute z:Ref="i49"/><UpperAttribute z:Ref="i50"/><VelocityAttribute z:Ref="i52"/></URDFElement><URDFElement z:Id="i53" i:type="Calibration"><Attributes><Attribute z:Id="i54"><AttributeType>rising</AttributeType><IsRequired>false</IsRequired><Value i:nil="true"/></Attribute><Attribute z:Id="i55"><AttributeType>falling</AttributeType><IsRequired>false</IsRequired><Value i:nil="true"/></Attribute></Attributes><ChildElements/><ElementName>calibration</ElementName><required>false</required><FallingAttribute z:Ref="i55"/><RisingAttribute z:Ref="i54"/></URDFElement><URDFElement z:Id="i56" i:type="Dynamics"><Attributes><Attribute z:Id="i57"><AttributeType>damping</AttributeType><IsRequired>false</IsRequired><Value i:nil="true"/></Attribute><Attribute z:Id="i58"><AttributeType>friction</AttributeType><IsRequired>false</IsRequired><Value i:nil="true"/></Attribute></Attributes><ChildElements/><ElementName>dynamics</ElementName><required>false</required><DampingAttribute z:Ref="i57"/><FrictionAttribute z:Ref="i58"/></URDFElement><URDFElement z:Id="i59" i:type="SafetyController"><Attributes><Attribute z:Id="i60"><AttributeType>soft_upper</AttributeType><IsRequired>false</IsRequired><Value i:nil="true"/></Attribute><Attribute z:Id="i61"><AttributeType>soft_lower</AttributeType><IsRequired>false</IsRequired><Value i:nil="true"/></Attribute><Attribute z:Id="i62"><AttributeType>k_position</AttributeType><IsRequired>false</IsRequired><Value i:nil="true"/></Attribute><Attribute z:Id="i63"><AttributeType>k_velocity</AttributeType><IsRequired>true</IsRequired><Value i:nil="true"/></Attribute></Attributes><ChildElements/><ElementName>safety_controller</ElementName><required>false</required><KPositionAttribute z:Ref="i62"/><KVelocityAttribute z:Ref="i63"/><SoftLowerAttribute z:Ref="i61"/><SoftUpperAttribute z:Ref="i60"/></URDFElement><URDFElement z:Id="i64" i:type="Mimic"><Attributes><Attribute z:Id="i65"><AttributeType>joint</AttributeType><IsRequired>true</IsRequired><Value i:nil="true"/></Attribute><Attribute z:Id="i66"><AttributeType>multiplier</AttributeType><IsRequired>false</IsRequired><Value i:nil="true"/></Attribute><Attribute z:Id="i67"><AttributeType>offset</AttributeType><IsRequired>false</IsRequired><Value i:nil="true"/></Attribute></Attributes><ChildElements/><ElementName>mimic</ElementName><required>false</required><JointNameAttribute z:Ref="i65"/><MultiplierAttribute z:Ref="i66"/><OffsetAttribute z:Ref="i67"/></URDFElement></ChildElements><ElementName>joint</ElementName><required>false</required><Axis z:Ref="i46"/><AxisName/><Calibration z:Ref="i53"/><Child z:Ref="i44"/><CoordinateSystemName>Automatically Generate</CoordinateSystemName><Dynamics z:Ref="i56"/><Limit z:Ref="i48"/><Mimic z:Ref="i64"/><NameAttribute z:Ref="i37"/><Origin z:Ref="i39"/><Parent z:Ref="i42"/><Safety z:Ref="i59"/><TypeAttribute z:Ref="i38"/></URDFElement></ChildElements><ElementName>link</ElementName><required>true</required><Children/><Collision z:Ref="i29"/><Inertial z:Ref="i3"/><Joint z:Ref="i36"/><NameAttribute z:Ref="i2"/><Parent i:nil="true"/><STLQualityFine>false</STLQualityFine><SWComponentPIDs xmlns:a="http://schemas.microsoft.com/2003/10/Serialization/Arrays"><a:base64Binary>+CoAAAUAAAD//v8NSXu5jwlO0onxaPFnLQAxAEAAxYhNkVNPMQAEAAAAEAAAAAEAAAABAAAAGAAAAA==</a:base64Binary></SWComponentPIDs><SWMainComponentPID i:nil="true"/><Visual z:Ref="i16"/><isFixedFrame>false</isFixedFrame><isIncomplete>false</isIncomplete></Link>
2021-10-21 13:56:30,868 INFO  AssemblyExportForm.cs: 309 - Saving URDF package to E:\研究生\科研\草图\3D打印\其他\Prism
2021-10-21 13:56:30,872 INFO  ExportHelper.cs: 147 - Beginning the export process
2021-10-21 13:56:30,874 INFO  ExportHelper.cs: 153 - Creating package directories with name Prism and save path E:\研究生\科研\草图\3D打印\其他
2021-10-21 13:56:32,587 INFO  ExportHelper.cs: 162 - Creating CMakeLists.txt at E:\研究生\科研\草图\3D打印\其他\Prism\CMakeLists.txt
2021-10-21 13:56:32,589 INFO  ExportHelper.cs: 166 - Creating joint names config at E:\研究生\科研\草图\3D打印\其他\Prism\config\joint_names_Prism.yaml
2021-10-21 13:56:32,591 INFO  ExportHelper.cs: 170 - Creating package.xml at E:\研究生\科研\草图\3D打印\其他\Prism\package.xml
2021-10-21 13:56:32,592 INFO  PackageXMLWriter.cs: 21 - Creating package.xml at E:\研究生\科研\草图\3D打印\其他\Prism\package.xml
2021-10-21 13:56:32,599 INFO  ExportHelper.cs: 177 - Creating RVIZ launch file in E:\研究生\科研\草图\3D打印\其他\Prism\launch\
2021-10-21 13:56:32,603 INFO  ExportHelper.cs: 182 - Creating Gazebo launch file in E:\研究生\科研\草图\3D打印\其他\Prism\launch\
2021-10-21 13:56:32,604 INFO  ExportHelper.cs: 187 - Saving existing STL preferences
2021-10-21 13:56:32,605 INFO  ExportHelper.cs: 450 - Saving users preferences
2021-10-21 13:56:32,607 INFO  ExportHelper.cs: 190 - Modifying STL preferences
2021-10-21 13:56:32,607 INFO  ExportHelper.cs: 464 - Setting STL preferences
2021-10-21 13:56:32,732 INFO  ExportHelper.cs: 196 - Found 0 hidden components 
2021-10-21 13:56:32,732 INFO  ExportHelper.cs: 197 - Hiding all components
2021-10-21 13:56:32,921 INFO  ExportHelper.cs: 204 - Beginning individual files export
2021-10-21 13:56:32,923 INFO  ExportHelper.cs: 270 - Exporting link: base_link
2021-10-21 13:56:32,924 INFO  ExportHelper.cs: 272 - Link base_link has 0 children
2021-10-21 13:56:32,925 INFO  ExportHelper.cs: 317 - base_link: Exporting STL with coordinate frame Origin_global
2021-10-21 13:56:32,926 INFO  ExportHelper.cs: 322 - base_link: Reference geometry name 
2021-10-21 13:56:32,950 INFO  ExportHelper.cs: 330 - Saving STL to E:\研究生\科研\草图\3D打印\其他\Prism\meshes\base_link.STL
2021-10-21 13:56:33,067 INFO  ExportHelper.cs: 405 - Removing SW header in STL file
2021-10-21 13:56:33,068 INFO  ExportHelper.cs: 145 - Showing all components except previously hidden components
2021-10-21 13:56:33,085 INFO  ExportHelper.cs: 145 - Resetting STL preferences
2021-10-21 13:56:33,086 INFO  ExportHelper.cs: 478 - Returning STL preferences to user preferences
2021-10-21 13:56:33,087 INFO  ExportHelper.cs: 228 - Writing URDF file to E:\研究生\科研\草图\3D打印\其他\Prism\urdf\Prism.urdf
2021-10-21 13:56:33,097 INFO  CSVImportExport.cs: 32 - Writing CSV file E:\研究生\科研\草图\3D打印\其他\Prism\urdf\Prism.csv
2021-10-21 13:56:33,137 ERROR CSVImportExport.cs: 130 - The following columns were not written to the CSV: Link.Joint.ChildLink.link,
2021-10-21 13:56:33,138 INFO  ExportHelper.cs: 234 - Copying log file
2021-10-21 13:56:33,146 INFO  ExportHelper.cs: 439 - Copying C:\Users\15817\sw2urdf_logs\sw2urdf.log to E:\研究生\科研\草图\3D打印\其他\Prism\export.log
